<?xml version="1.0" encoding="utf-8"?><testsuites><testsuite name="pytest" errors="0" failures="0" skipped="0" tests="2" time="0.349" timestamp="2023-05-28T18:06:29.616350" hostname="lenovo"><testcase classname="test.test_name_generator" name="test_make_up_module_name" file="test\test_name_generator.py" line="9" time="0.092" /><testcase classname="test.test_name_generator" name="test_make_up_module_name_reinitialize" file="test\test_name_generator.py" line="24" time="0.089" /></testsuite></testsuites>
