<?xml version="1.0" encoding="utf-8"?><testsuites><testsuite name="pytest" errors="0" failures="0" skipped="0" tests="2" time="1.677" timestamp="2021-01-24T09:21:45.712973" hostname="DESKTOP-FANFFGU"><testcase classname="test.test_name_generator" name="test_make_up_module_name" file="test\test_name_generator.py" line="9" time="0.175" /><testcase classname="test.test_name_generator" name="test_make_up_module_name_reinitialize" file="test\test_name_generator.py" line="24" time="0.168" /></testsuite></testsuites>
